<?xml version="1.0" encoding="UTF-8"?>
<!-- Generated by org.testng.reporters.JUnitXMLReporter -->
<testsuite hostname="DESKTOP-GNCMA32" ignored="0" name="inetBanking" tests="2" failures="1" timestamp="2022-02-18T00:20:29 IST" time="59.258" errors="0">
  <testcase name="LoginTest" time="2.706" classname="com.inetBanking.testCases.TC_LoginTest_001">
    <failure type="java.lang.AssertionError" message="Title Mismatched: expected [true] but found [false]">
      <![CDATA[java.lang.AssertionError: Title Mismatched: expected [true] but found [false]
at com.inetBanking.testCases.TC_LoginTest_001.LoginTest(TC_LoginTest_001.java:35)
at java.util.ArrayList.forEach(ArrayList.java:1257)
... Removed 30 stack frames]]>
    </failure>
  </testcase> <!-- LoginTest -->
  <testcase name="addCustomer" time="18.365" classname="com.inetBanking.testCases.TC_AddCustomer_003"/>
</testsuite> <!-- inetBanking -->
