<?xml version="1.0" encoding="UTF-8"?>
<testng-results skipped="0" failed="0" ignored="0" total="2" passed="2">
  <reporter-output>
  </reporter-output>
  <suite name="inetbanking" duration-ms="48277" started-at="2022-02-18T15:28:57 IST" finished-at="2022-02-18T15:29:45 IST">
    <groups>
    </groups>
    <test name="inetBanking" duration-ms="48277" started-at="2022-02-18T15:28:57 IST" finished-at="2022-02-18T15:29:45 IST">
      <class name="com.inetBanking.testCases.TC_LoginTest_001">
        <test-method status="PASS" signature="setup(java.lang.String)[pri:0, instance:com.inetBanking.testCases.TC_LoginTest_001@10dba097]" name="setup" is-config="true" duration-ms="18878" started-at="2022-02-18T15:28:57 IST" finished-at="2022-02-18T15:29:16 IST">
          <params>
            <param index="0">
              <value>
                <![CDATA[chrome]]>
              </value>
            </param>
          </params>
          <reporter-output>
          </reporter-output>
        </test-method> <!-- setup -->
        <test-method status="PASS" signature="LoginTest()[pri:0, instance:com.inetBanking.testCases.TC_LoginTest_001@10dba097]" name="LoginTest" duration-ms="2671" started-at="2022-02-18T15:29:16 IST" finished-at="2022-02-18T15:29:19 IST">
          <reporter-output>
          </reporter-output>
        </test-method> <!-- LoginTest -->
        <test-method status="PASS" signature="teardown()[pri:0, instance:com.inetBanking.testCases.TC_LoginTest_001@10dba097]" name="teardown" is-config="true" duration-ms="1052" started-at="2022-02-18T15:29:19 IST" finished-at="2022-02-18T15:29:20 IST">
          <reporter-output>
          </reporter-output>
        </test-method> <!-- teardown -->
      </class> <!-- com.inetBanking.testCases.TC_LoginTest_001 -->
      <class name="com.inetBanking.testCases.TC_AddCustomer_003">
        <test-method status="PASS" signature="setup(java.lang.String)[pri:0, instance:com.inetBanking.testCases.TC_AddCustomer_003@706a04ae]" name="setup" is-config="true" duration-ms="8217" started-at="2022-02-18T15:29:20 IST" finished-at="2022-02-18T15:29:28 IST">
          <params>
            <param index="0">
              <value>
                <![CDATA[chrome]]>
              </value>
            </param>
          </params>
          <reporter-output>
          </reporter-output>
        </test-method> <!-- setup -->
        <test-method status="PASS" signature="addCustomer()[pri:0, instance:com.inetBanking.testCases.TC_AddCustomer_003@706a04ae]" name="addCustomer" duration-ms="15810" started-at="2022-02-18T15:29:28 IST" finished-at="2022-02-18T15:29:44 IST">
          <reporter-output>
          </reporter-output>
        </test-method> <!-- addCustomer -->
        <test-method status="PASS" signature="teardown()[pri:0, instance:com.inetBanking.testCases.TC_AddCustomer_003@706a04ae]" name="teardown" is-config="true" duration-ms="1227" started-at="2022-02-18T15:29:44 IST" finished-at="2022-02-18T15:29:45 IST">
          <reporter-output>
          </reporter-output>
        </test-method> <!-- teardown -->
      </class> <!-- com.inetBanking.testCases.TC_AddCustomer_003 -->
    </test> <!-- inetBanking -->
  </suite> <!-- inetbanking -->
</testng-results>
